<?xml version="1.0" encoding="UTF-8"?>
<!-- Generated by org.testng.reporters.JUnitReportReporter -->
<testsuite hostname="DESKTOP-QTQGH1B" name="section5.Locators2" tests="1" failures="0" timestamp="21 Mar 2023 01:09:38 GMT" time="8.111" errors="0">
  <testcase name="test" time="8.111" classname="section5.Locators2"/>
</testsuite> <!-- section5.Locators2 -->
